19-May-2023 01:00:28.303 INFO [main] org.apache.catalina.startup.VersionLoggerListener.log Nombre de la versión del servidor: Apache Tomcat/10.1.8
19-May-2023 01:00:28.316 INFO [main] org.apache.catalina.startup.VersionLoggerListener.log Server built:                      Apr 14 2023 19:40:29 UTC
19-May-2023 01:00:28.316 INFO [main] org.apache.catalina.startup.VersionLoggerListener.log Número de versión de servidor:     10.1.8.0
19-May-2023 01:00:28.317 INFO [main] org.apache.catalina.startup.VersionLoggerListener.log OS Name:                           Windows 10
19-May-2023 01:00:28.317 INFO [main] org.apache.catalina.startup.VersionLoggerListener.log Versión de Systema Operativo:      10.0
19-May-2023 01:00:28.317 INFO [main] org.apache.catalina.startup.VersionLoggerListener.log Arquitectura:                      amd64
19-May-2023 01:00:28.317 INFO [main] org.apache.catalina.startup.VersionLoggerListener.log Java Home:                         C:\Program Files\Java\jdk-17
19-May-2023 01:00:28.317 INFO [main] org.apache.catalina.startup.VersionLoggerListener.log JVM Version:                       17.0.6+9-LTS-190
19-May-2023 01:00:28.318 INFO [main] org.apache.catalina.startup.VersionLoggerListener.log Vededor JVM:                       Oracle Corporation
19-May-2023 01:00:28.318 INFO [main] org.apache.catalina.startup.VersionLoggerListener.log CATALINA_BASE:                     C:\Users\Ingytelcom\apache-tomcat-10.1.8
19-May-2023 01:00:28.318 INFO [main] org.apache.catalina.startup.VersionLoggerListener.log CATALINA_HOME:                     C:\Users\Ingytelcom\apache-tomcat-10.1.8
19-May-2023 01:00:28.341 INFO [main] org.apache.catalina.startup.VersionLoggerListener.log Command line argument:             -Djava.util.logging.config.file=C:\Users\Ingytelcom\apache-tomcat-10.1.8\conf\logging.properties
19-May-2023 01:00:28.341 INFO [main] org.apache.catalina.startup.VersionLoggerListener.log Command line argument:             -Djava.util.logging.manager=org.apache.juli.ClassLoaderLogManager
19-May-2023 01:00:28.342 INFO [main] org.apache.catalina.startup.VersionLoggerListener.log Command line argument:             -Djdk.tls.ephemeralDHKeySize=2048
19-May-2023 01:00:28.343 INFO [main] org.apache.catalina.startup.VersionLoggerListener.log Command line argument:             -Djava.protocol.handler.pkgs=org.apache.catalina.webresources
19-May-2023 01:00:28.344 INFO [main] org.apache.catalina.startup.VersionLoggerListener.log Command line argument:             --add-opens=java.base/java.lang=ALL-UNNAMED
19-May-2023 01:00:28.344 INFO [main] org.apache.catalina.startup.VersionLoggerListener.log Command line argument:             --add-opens=java.base/java.io=ALL-UNNAMED
19-May-2023 01:00:28.344 INFO [main] org.apache.catalina.startup.VersionLoggerListener.log Command line argument:             --add-opens=java.base/java.util=ALL-UNNAMED
19-May-2023 01:00:28.344 INFO [main] org.apache.catalina.startup.VersionLoggerListener.log Command line argument:             --add-opens=java.base/java.util.concurrent=ALL-UNNAMED
19-May-2023 01:00:28.344 INFO [main] org.apache.catalina.startup.VersionLoggerListener.log Command line argument:             --add-opens=java.rmi/sun.rmi.transport=ALL-UNNAMED
19-May-2023 01:00:28.345 INFO [main] org.apache.catalina.startup.VersionLoggerListener.log Command line argument:             -Dcatalina.base=C:\Users\Ingytelcom\apache-tomcat-10.1.8
19-May-2023 01:00:28.345 INFO [main] org.apache.catalina.startup.VersionLoggerListener.log Command line argument:             -Dcatalina.home=C:\Users\Ingytelcom\apache-tomcat-10.1.8
19-May-2023 01:00:28.345 INFO [main] org.apache.catalina.startup.VersionLoggerListener.log Command line argument:             -Djava.io.tmpdir=C:\Users\Ingytelcom\apache-tomcat-10.1.8\temp
19-May-2023 01:00:28.375 INFO [main] org.apache.catalina.core.AprLifecycleListener.lifecycleEvent Cargada la biblioteca nativa APR de Apache Tomcat [2.0.3] con la versión APR [1.7.2].
19-May-2023 01:00:28.387 INFO [main] org.apache.catalina.core.AprLifecycleListener.initializeSSL OpenSSL inicializado correctamente [OpenSSL 3.0.8 7 Feb 2023]
19-May-2023 01:00:28.922 INFO [main] org.apache.coyote.AbstractProtocol.init Inicializando el manejador de protocolo ["http-nio-8080"]

19-May-2023 01:00:28.995 INFO [main] org.apache.catalina.startup.Catalina.load Server initialization in [1037] milliseconds
19-May-2023 01:00:29.299 INFO [main] org.apache.catalina.core.StandardService.startInternal Arrancando servicio [Catalina]
19-May-2023 01:00:29.299 INFO [main] org.apache.catalina.core.StandardEngine.startInternal Starting Servlet engine: [Apache Tomcat/10.1.8]
19-May-2023 01:00:29.318 INFO [main] org.apache.catalina.startup.HostConfig.deployDescriptor Desplieque del descriptor de configuración [C:\Users\Ingytelcom\apache-tomcat-10.1.8\conf\Catalina\localhost\Gestion_Eventos.xml]
19-May-2023 01:00:29.361 WARNING [main] org.apache.catalina.startup.HostConfig.deployDescriptor The path attribute with value [/Gestion_Eventos] in deployment descriptor [C:\Users\Ingytelcom\apache-tomcat-10.1.8\conf\Catalina\localhost\Gestion_Eventos.xml] has been ignored
19-May-2023 01:00:30.966 INFO [main] org.apache.jasper.servlet.TldScanner.scanJars Al menos un JAR, que se ha explorado buscando TLDs, aún no contenía TLDs. Activar historial de depuración para este historiador para una completa lista de los JARs que fueron explorados y de los que nos se halló TLDs. Saltarse JARs no necesarios durante la exploración puede dar lugar a una mejora de tiempo significativa en el arranque y compilación de JSP .
19-May-2023 01:00:31.128 INFO [main] org.apache.catalina.startup.HostConfig.deployDescriptor Deployment of deployment descriptor [C:\Users\Ingytelcom\apache-tomcat-10.1.8\conf\Catalina\localhost\Gestion_Eventos.xml] has finished in [1.806] ms
19-May-2023 01:00:31.129 INFO [main] org.apache.catalina.startup.HostConfig.deployDirectory Desplegando el directorio [C:\Users\Ingytelcom\apache-tomcat-10.1.8\webapps\docs] de la aplicación web
19-May-2023 01:00:31.184 INFO [main] org.apache.catalina.startup.HostConfig.deployDirectory Deployment of web application directory [C:\Users\Ingytelcom\apache-tomcat-10.1.8\webapps\docs] has finished in [55] ms
19-May-2023 01:00:31.185 INFO [main] org.apache.catalina.startup.HostConfig.deployDirectory Desplegando el directorio [C:\Users\Ingytelcom\apache-tomcat-10.1.8\webapps\examples] de la aplicación web
19-May-2023 01:00:31.954 INFO [main] org.apache.catalina.startup.HostConfig.deployDirectory Deployment of web application directory [C:\Users\Ingytelcom\apache-tomcat-10.1.8\webapps\examples] has finished in [768] ms
19-May-2023 01:00:31.955 INFO [main] org.apache.catalina.startup.HostConfig.deployDirectory Desplegando el directorio [C:\Users\Ingytelcom\apache-tomcat-10.1.8\webapps\host-manager] de la aplicación web
19-May-2023 01:00:32.034 INFO [main] org.apache.catalina.startup.HostConfig.deployDirectory Deployment of web application directory [C:\Users\Ingytelcom\apache-tomcat-10.1.8\webapps\host-manager] has finished in [80] ms
19-May-2023 01:00:32.035 INFO [main] org.apache.catalina.startup.HostConfig.deployDirectory Desplegando el directorio [C:\Users\Ingytelcom\apache-tomcat-10.1.8\webapps\manager] de la aplicación web
19-May-2023 01:00:32.125 INFO [main] org.apache.catalina.startup.HostConfig.deployDirectory Deployment of web application directory [C:\Users\Ingytelcom\apache-tomcat-10.1.8\webapps\manager] has finished in [90] ms
19-May-2023 01:00:32.126 INFO [main] org.apache.catalina.startup.HostConfig.deployDirectory Desplegando el directorio [C:\Users\Ingytelcom\apache-tomcat-10.1.8\webapps\ROOT] de la aplicación web
19-May-2023 01:00:32.173 INFO [main] org.apache.catalina.startup.HostConfig.deployDirectory Deployment of web application directory [C:\Users\Ingytelcom\apache-tomcat-10.1.8\webapps\ROOT] has finished in [46] ms
19-May-2023 01:00:32.179 INFO [main] org.apache.coyote.AbstractProtocol.start Starting ProtocolHandler ["http-nio-8080"]
19-May-2023 01:00:32.293 INFO [main] org.apache.catalina.startup.Catalina.start Server startup in [3296] milliseconds
19-May-2023 01:00:37.918 INFO [http-nio-8080-exec-10] org.apache.catalina.core.StandardContext.reload Ha comenzado la recarga de Contexto [/Gestion_Eventos]
19-May-2023 01:00:38.922 INFO [http-nio-8080-exec-10] org.apache.jasper.servlet.TldScanner.scanJars Al menos un JAR, que se ha explorado buscando TLDs, aún no contenía TLDs. Activar historial de depuración para este historiador para una completa lista de los JARs que fueron explorados y de los que nos se halló TLDs. Saltarse JARs no necesarios durante la exploración puede dar lugar a una mejora de tiempo significativa en el arranque y compilación de JSP .
19-May-2023 01:00:38.926 INFO [http-nio-8080-exec-10] org.apache.catalina.core.StandardContext.reload Se ha completado la recarga de este Contexto
19-May-2023 01:12:48.090 INFO [main] org.apache.catalina.core.StandardServer.await Se ha recibido un comando de apagado a través del puerto de apagado. Parando la instancia del Servidor.
19-May-2023 01:12:48.090 INFO [main] org.apache.coyote.AbstractProtocol.pause Pausing ProtocolHandler ["http-nio-8080"]
19-May-2023 01:12:48.108 INFO [main] org.apache.catalina.core.StandardService.stopInternal Parando servicio [Catalina]
19-May-2023 01:12:48.127 INFO [main] org.apache.coyote.AbstractProtocol.stop Stopping ProtocolHandler ["http-nio-8080"]
19-May-2023 01:12:48.136 INFO [main] org.apache.coyote.AbstractProtocol.destroy Destroying ProtocolHandler ["http-nio-8080"]
19-May-2023 01:20:16.015 INFO [main] org.apache.catalina.startup.VersionLoggerListener.log Nombre de la versión del servidor: Apache Tomcat/10.1.8
19-May-2023 01:20:16.021 INFO [main] org.apache.catalina.startup.VersionLoggerListener.log Server built:                      Apr 14 2023 19:40:29 UTC
19-May-2023 01:20:16.022 INFO [main] org.apache.catalina.startup.VersionLoggerListener.log Número de versión de servidor:     10.1.8.0
19-May-2023 01:20:16.022 INFO [main] org.apache.catalina.startup.VersionLoggerListener.log OS Name:                           Windows 10
19-May-2023 01:20:16.023 INFO [main] org.apache.catalina.startup.VersionLoggerListener.log Versión de Systema Operativo:      10.0
19-May-2023 01:20:16.023 INFO [main] org.apache.catalina.startup.VersionLoggerListener.log Arquitectura:                      amd64
19-May-2023 01:20:16.023 INFO [main] org.apache.catalina.startup.VersionLoggerListener.log Java Home:                         C:\Program Files\Java\jdk-17
19-May-2023 01:20:16.023 INFO [main] org.apache.catalina.startup.VersionLoggerListener.log JVM Version:                       17.0.6+9-LTS-190
19-May-2023 01:20:16.023 INFO [main] org.apache.catalina.startup.VersionLoggerListener.log Vededor JVM:                       Oracle Corporation
19-May-2023 01:20:16.023 INFO [main] org.apache.catalina.startup.VersionLoggerListener.log CATALINA_BASE:                     C:\Users\Ingytelcom\apache-tomcat-10.1.8
19-May-2023 01:20:16.024 INFO [main] org.apache.catalina.startup.VersionLoggerListener.log CATALINA_HOME:                     C:\Users\Ingytelcom\apache-tomcat-10.1.8
19-May-2023 01:20:16.037 INFO [main] org.apache.catalina.startup.VersionLoggerListener.log Command line argument:             -Djava.util.logging.config.file=C:\Users\Ingytelcom\apache-tomcat-10.1.8\conf\logging.properties
19-May-2023 01:20:16.038 INFO [main] org.apache.catalina.startup.VersionLoggerListener.log Command line argument:             -Djava.util.logging.manager=org.apache.juli.ClassLoaderLogManager
19-May-2023 01:20:16.039 INFO [main] org.apache.catalina.startup.VersionLoggerListener.log Command line argument:             -Djdk.tls.ephemeralDHKeySize=2048
19-May-2023 01:20:16.039 INFO [main] org.apache.catalina.startup.VersionLoggerListener.log Command line argument:             -Djava.protocol.handler.pkgs=org.apache.catalina.webresources
19-May-2023 01:20:16.039 INFO [main] org.apache.catalina.startup.VersionLoggerListener.log Command line argument:             --add-opens=java.base/java.lang=ALL-UNNAMED
19-May-2023 01:20:16.039 INFO [main] org.apache.catalina.startup.VersionLoggerListener.log Command line argument:             --add-opens=java.base/java.io=ALL-UNNAMED
19-May-2023 01:20:16.040 INFO [main] org.apache.catalina.startup.VersionLoggerListener.log Command line argument:             --add-opens=java.base/java.util=ALL-UNNAMED
19-May-2023 01:20:16.040 INFO [main] org.apache.catalina.startup.VersionLoggerListener.log Command line argument:             --add-opens=java.base/java.util.concurrent=ALL-UNNAMED
19-May-2023 01:20:16.040 INFO [main] org.apache.catalina.startup.VersionLoggerListener.log Command line argument:             --add-opens=java.rmi/sun.rmi.transport=ALL-UNNAMED
19-May-2023 01:20:16.040 INFO [main] org.apache.catalina.startup.VersionLoggerListener.log Command line argument:             -Dcatalina.base=C:\Users\Ingytelcom\apache-tomcat-10.1.8
19-May-2023 01:20:16.041 INFO [main] org.apache.catalina.startup.VersionLoggerListener.log Command line argument:             -Dcatalina.home=C:\Users\Ingytelcom\apache-tomcat-10.1.8
19-May-2023 01:20:16.041 INFO [main] org.apache.catalina.startup.VersionLoggerListener.log Command line argument:             -Djava.io.tmpdir=C:\Users\Ingytelcom\apache-tomcat-10.1.8\temp
19-May-2023 01:20:16.045 INFO [main] org.apache.catalina.core.AprLifecycleListener.lifecycleEvent Cargada la biblioteca nativa APR de Apache Tomcat [2.0.3] con la versión APR [1.7.2].
19-May-2023 01:20:16.064 INFO [main] org.apache.catalina.core.AprLifecycleListener.initializeSSL OpenSSL inicializado correctamente [OpenSSL 3.0.8 7 Feb 2023]
19-May-2023 01:20:16.467 INFO [main] org.apache.coyote.AbstractProtocol.init Inicializando el manejador de protocolo ["http-nio-8080"]

19-May-2023 01:20:16.512 INFO [main] org.apache.catalina.startup.Catalina.load Server initialization in [790] milliseconds
19-May-2023 01:20:16.591 INFO [main] org.apache.catalina.core.StandardService.startInternal Arrancando servicio [Catalina]
19-May-2023 01:20:16.591 INFO [main] org.apache.catalina.core.StandardEngine.startInternal Starting Servlet engine: [Apache Tomcat/10.1.8]
19-May-2023 01:20:16.611 INFO [main] org.apache.catalina.startup.HostConfig.deployDescriptor Desplieque del descriptor de configuración [C:\Users\Ingytelcom\apache-tomcat-10.1.8\conf\Catalina\localhost\Gestion_Eventos.xml]
19-May-2023 01:20:16.643 WARNING [main] org.apache.catalina.startup.HostConfig.deployDescriptor The path attribute with value [/Gestion_Eventos] in deployment descriptor [C:\Users\Ingytelcom\apache-tomcat-10.1.8\conf\Catalina\localhost\Gestion_Eventos.xml] has been ignored
19-May-2023 01:20:17.939 INFO [main] org.apache.jasper.servlet.TldScanner.scanJars Al menos un JAR, que se ha explorado buscando TLDs, aún no contenía TLDs. Activar historial de depuración para este historiador para una completa lista de los JARs que fueron explorados y de los que nos se halló TLDs. Saltarse JARs no necesarios durante la exploración puede dar lugar a una mejora de tiempo significativa en el arranque y compilación de JSP .
19-May-2023 01:20:18.074 INFO [main] org.apache.catalina.startup.HostConfig.deployDescriptor Deployment of deployment descriptor [C:\Users\Ingytelcom\apache-tomcat-10.1.8\conf\Catalina\localhost\Gestion_Eventos.xml] has finished in [1.461] ms
19-May-2023 01:20:18.075 INFO [main] org.apache.catalina.startup.HostConfig.deployDirectory Desplegando el directorio [C:\Users\Ingytelcom\apache-tomcat-10.1.8\webapps\docs] de la aplicación web
19-May-2023 01:20:18.116 INFO [main] org.apache.catalina.startup.HostConfig.deployDirectory Deployment of web application directory [C:\Users\Ingytelcom\apache-tomcat-10.1.8\webapps\docs] has finished in [41] ms
19-May-2023 01:20:18.117 INFO [main] org.apache.catalina.startup.HostConfig.deployDirectory Desplegando el directorio [C:\Users\Ingytelcom\apache-tomcat-10.1.8\webapps\examples] de la aplicación web
19-May-2023 01:20:18.698 INFO [main] org.apache.catalina.startup.HostConfig.deployDirectory Deployment of web application directory [C:\Users\Ingytelcom\apache-tomcat-10.1.8\webapps\examples] has finished in [580] ms
19-May-2023 01:20:18.698 INFO [main] org.apache.catalina.startup.HostConfig.deployDirectory Desplegando el directorio [C:\Users\Ingytelcom\apache-tomcat-10.1.8\webapps\host-manager] de la aplicación web
19-May-2023 01:20:18.757 INFO [main] org.apache.catalina.startup.HostConfig.deployDirectory Deployment of web application directory [C:\Users\Ingytelcom\apache-tomcat-10.1.8\webapps\host-manager] has finished in [58] ms
19-May-2023 01:20:18.757 INFO [main] org.apache.catalina.startup.HostConfig.deployDirectory Desplegando el directorio [C:\Users\Ingytelcom\apache-tomcat-10.1.8\webapps\manager] de la aplicación web
19-May-2023 01:20:18.829 INFO [main] org.apache.catalina.startup.HostConfig.deployDirectory Deployment of web application directory [C:\Users\Ingytelcom\apache-tomcat-10.1.8\webapps\manager] has finished in [72] ms
19-May-2023 01:20:18.830 INFO [main] org.apache.catalina.startup.HostConfig.deployDirectory Desplegando el directorio [C:\Users\Ingytelcom\apache-tomcat-10.1.8\webapps\ROOT] de la aplicación web
19-May-2023 01:20:18.871 INFO [main] org.apache.catalina.startup.HostConfig.deployDirectory Deployment of web application directory [C:\Users\Ingytelcom\apache-tomcat-10.1.8\webapps\ROOT] has finished in [41] ms
19-May-2023 01:20:18.877 INFO [main] org.apache.coyote.AbstractProtocol.start Starting ProtocolHandler ["http-nio-8080"]
19-May-2023 01:20:18.989 INFO [main] org.apache.catalina.startup.Catalina.start Server startup in [2476] milliseconds
19-May-2023 01:20:54.341 INFO [http-nio-8080-exec-9] org.apache.catalina.core.StandardContext.reload Ha comenzado la recarga de Contexto [/Gestion_Eventos]
19-May-2023 01:20:55.201 INFO [http-nio-8080-exec-9] org.apache.jasper.servlet.TldScanner.scanJars Al menos un JAR, que se ha explorado buscando TLDs, aún no contenía TLDs. Activar historial de depuración para este historiador para una completa lista de los JARs que fueron explorados y de los que nos se halló TLDs. Saltarse JARs no necesarios durante la exploración puede dar lugar a una mejora de tiempo significativa en el arranque y compilación de JSP .
19-May-2023 01:20:55.204 INFO [http-nio-8080-exec-9] org.apache.catalina.core.StandardContext.reload Se ha completado la recarga de este Contexto
