22-May-2023 23:33:00.034 SEVERE [http-nio-8080-exec-15] org.apache.catalina.core.StandardWrapperValve.invoke El Servlet.service() para el servlet [jsp] en el contexto con ruta [/Gestion_Eventos] lanzó la excepción [/templates/company/crearEvento.jsp (línea: [49], columna: [21]) La acción jsp:param no debe de ser usada fuera de los elementos jsp:include, jsp:forward o jsp:params] con causa raíz
	org.apache.jasper.JasperException: /templates/company/crearEvento.jsp (línea: [49], columna: [21]) La acción jsp:param no debe de ser usada fuera de los elementos jsp:include, jsp:forward o jsp:params
		at org.apache.jasper.compiler.DefaultErrorHandler.jspError(DefaultErrorHandler.java:41)
		at org.apache.jasper.compiler.ErrorDispatcher.dispatch(ErrorDispatcher.java:292)
		at org.apache.jasper.compiler.ErrorDispatcher.jspError(ErrorDispatcher.java:98)
		at org.apache.jasper.compiler.Parser.parseStandardAction(Parser.java:1162)
		at org.apache.jasper.compiler.Parser.parseElements(Parser.java:1468)
		at org.apache.jasper.compiler.Parser.parse(Parser.java:138)
		at org.apache.jasper.compiler.ParserController.doParse(ParserController.java:245)
		at org.apache.jasper.compiler.ParserController.parse(ParserController.java:106)
		at org.apache.jasper.compiler.Compiler.generateJava(Compiler.java:211)
		at org.apache.jasper.compiler.Compiler.compile(Compiler.java:396)
		at org.apache.jasper.compiler.Compiler.compile(Compiler.java:372)
		at org.apache.jasper.compiler.Compiler.compile(Compiler.java:356)
		at org.apache.jasper.JspCompilationContext.compile(JspCompilationContext.java:603)
		at org.apache.jasper.servlet.JspServletWrapper.service(JspServletWrapper.java:396)
		at org.apache.jasper.servlet.JspServlet.serviceJspFile(JspServlet.java:380)
		at org.apache.jasper.servlet.JspServlet.service(JspServlet.java:328)
		at jakarta.servlet.http.HttpServlet.service(HttpServlet.java:658)
		at org.apache.catalina.core.ApplicationFilterChain.internalDoFilter(ApplicationFilterChain.java:205)
		at org.apache.catalina.core.ApplicationFilterChain.doFilter(ApplicationFilterChain.java:149)
		at org.apache.tomcat.websocket.server.WsFilter.doFilter(WsFilter.java:51)
		at org.apache.catalina.core.ApplicationFilterChain.internalDoFilter(ApplicationFilterChain.java:174)
		at org.apache.catalina.core.ApplicationFilterChain.doFilter(ApplicationFilterChain.java:149)
		at org.apache.catalina.core.StandardWrapperValve.invoke(StandardWrapperValve.java:166)
		at org.apache.catalina.core.StandardContextValve.invoke(StandardContextValve.java:90)
		at org.apache.catalina.authenticator.AuthenticatorBase.invoke(AuthenticatorBase.java:482)
		at org.apache.catalina.core.StandardHostValve.invoke(StandardHostValve.java:115)
		at org.apache.catalina.valves.ErrorReportValve.invoke(ErrorReportValve.java:93)
		at org.apache.catalina.valves.AbstractAccessLogValve.invoke(AbstractAccessLogValve.java:676)
		at org.apache.catalina.core.StandardEngineValve.invoke(StandardEngineValve.java:74)
		at org.apache.catalina.connector.CoyoteAdapter.service(CoyoteAdapter.java:341)
		at org.apache.coyote.http11.Http11Processor.service(Http11Processor.java:390)
		at org.apache.coyote.AbstractProcessorLight.process(AbstractProcessorLight.java:63)
		at org.apache.coyote.AbstractProtocol$ConnectionHandler.process(AbstractProtocol.java:894)
		at org.apache.tomcat.util.net.NioEndpoint$SocketProcessor.doRun(NioEndpoint.java:1741)
		at org.apache.tomcat.util.net.SocketProcessorBase.run(SocketProcessorBase.java:52)
		at org.apache.tomcat.util.threads.ThreadPoolExecutor.runWorker(ThreadPoolExecutor.java:1191)
		at org.apache.tomcat.util.threads.ThreadPoolExecutor$Worker.run(ThreadPoolExecutor.java:659)
		at org.apache.tomcat.util.threads.TaskThread$WrappingRunnable.run(TaskThread.java:61)
		at java.base/java.lang.Thread.run(Thread.java:833)
22-May-2023 23:36:16.249 SEVERE [http-nio-8080-exec-18] org.apache.catalina.core.ApplicationDispatcher.invoke El Servlet.service() para servlet [default] lanzó una excepción
	java.io.FileNotFoundException: El recurso requerido [/Gestion_Eventos/templates/company/menu.jsp::sidebar] no se encuentra disponible
		at org.apache.catalina.servlets.DefaultServlet.serveResource(DefaultServlet.java:868)
		at org.apache.catalina.servlets.DefaultServlet.doGet(DefaultServlet.java:519)
		at jakarta.servlet.http.HttpServlet.service(HttpServlet.java:564)
		at org.apache.catalina.servlets.DefaultServlet.service(DefaultServlet.java:499)
		at jakarta.servlet.http.HttpServlet.service(HttpServlet.java:658)
		at org.apache.catalina.core.ApplicationFilterChain.internalDoFilter(ApplicationFilterChain.java:205)
		at org.apache.catalina.core.ApplicationFilterChain.doFilter(ApplicationFilterChain.java:149)
		at org.apache.catalina.core.ApplicationDispatcher.invoke(ApplicationDispatcher.java:642)
		at org.apache.catalina.core.ApplicationDispatcher.doInclude(ApplicationDispatcher.java:520)
		at org.apache.catalina.core.ApplicationDispatcher.include(ApplicationDispatcher.java:463)
		at org.apache.jasper.runtime.JspRuntimeLibrary.include(JspRuntimeLibrary.java:994)
		at org.apache.jsp.templates.company.crearEvento_jsp._jspService(crearEvento_jsp.java:168)
		at org.apache.jasper.runtime.HttpJspBase.service(HttpJspBase.java:70)
		at jakarta.servlet.http.HttpServlet.service(HttpServlet.java:658)
		at org.apache.jasper.servlet.JspServletWrapper.service(JspServletWrapper.java:456)
		at org.apache.jasper.servlet.JspServlet.serviceJspFile(JspServlet.java:380)
		at org.apache.jasper.servlet.JspServlet.service(JspServlet.java:328)
		at jakarta.servlet.http.HttpServlet.service(HttpServlet.java:658)
		at org.apache.catalina.core.ApplicationFilterChain.internalDoFilter(ApplicationFilterChain.java:205)
		at org.apache.catalina.core.ApplicationFilterChain.doFilter(ApplicationFilterChain.java:149)
		at org.apache.tomcat.websocket.server.WsFilter.doFilter(WsFilter.java:51)
		at org.apache.catalina.core.ApplicationFilterChain.internalDoFilter(ApplicationFilterChain.java:174)
		at org.apache.catalina.core.ApplicationFilterChain.doFilter(ApplicationFilterChain.java:149)
		at org.apache.catalina.core.StandardWrapperValve.invoke(StandardWrapperValve.java:166)
		at org.apache.catalina.core.StandardContextValve.invoke(StandardContextValve.java:90)
		at org.apache.catalina.authenticator.AuthenticatorBase.invoke(AuthenticatorBase.java:482)
		at org.apache.catalina.core.StandardHostValve.invoke(StandardHostValve.java:115)
		at org.apache.catalina.valves.ErrorReportValve.invoke(ErrorReportValve.java:93)
		at org.apache.catalina.valves.AbstractAccessLogValve.invoke(AbstractAccessLogValve.java:676)
		at org.apache.catalina.core.StandardEngineValve.invoke(StandardEngineValve.java:74)
		at org.apache.catalina.connector.CoyoteAdapter.service(CoyoteAdapter.java:341)
		at org.apache.coyote.http11.Http11Processor.service(Http11Processor.java:390)
		at org.apache.coyote.AbstractProcessorLight.process(AbstractProcessorLight.java:63)
		at org.apache.coyote.AbstractProtocol$ConnectionHandler.process(AbstractProtocol.java:894)
		at org.apache.tomcat.util.net.NioEndpoint$SocketProcessor.doRun(NioEndpoint.java:1741)
		at org.apache.tomcat.util.net.SocketProcessorBase.run(SocketProcessorBase.java:52)
		at org.apache.tomcat.util.threads.ThreadPoolExecutor.runWorker(ThreadPoolExecutor.java:1191)
		at org.apache.tomcat.util.threads.ThreadPoolExecutor$Worker.run(ThreadPoolExecutor.java:659)
		at org.apache.tomcat.util.threads.TaskThread$WrappingRunnable.run(TaskThread.java:61)
		at java.base/java.lang.Thread.run(Thread.java:833)
22-May-2023 23:36:16.269 SEVERE [http-nio-8080-exec-18] org.apache.catalina.core.StandardWrapperValve.invoke Servlet.service() para servlet [jsp] lanzó excepción
	java.io.IOException: Ha sucedido una excepción al procesar la página JSP [/templates/company/crearEvento.jsp] en línea [47]

44: 
45: 
46:         <!-- Sidebar Start -->
47:         <jsp:include page="menu.jsp::sidebar"/>
48:         <!-- Sidebar End -->
49: 
50: 


Stacktrace:
		at org.apache.jasper.servlet.JspServletWrapper.service(JspServletWrapper.java:483)
		at org.apache.jasper.servlet.JspServlet.serviceJspFile(JspServlet.java:380)
		at org.apache.jasper.servlet.JspServlet.service(JspServlet.java:328)
		at jakarta.servlet.http.HttpServlet.service(HttpServlet.java:658)
		at org.apache.catalina.core.ApplicationFilterChain.internalDoFilter(ApplicationFilterChain.java:205)
		at org.apache.catalina.core.ApplicationFilterChain.doFilter(ApplicationFilterChain.java:149)
		at org.apache.tomcat.websocket.server.WsFilter.doFilter(WsFilter.java:51)
		at org.apache.catalina.core.ApplicationFilterChain.internalDoFilter(ApplicationFilterChain.java:174)
		at org.apache.catalina.core.ApplicationFilterChain.doFilter(ApplicationFilterChain.java:149)
		at org.apache.catalina.core.StandardWrapperValve.invoke(StandardWrapperValve.java:166)
		at org.apache.catalina.core.StandardContextValve.invoke(StandardContextValve.java:90)
		at org.apache.catalina.authenticator.AuthenticatorBase.invoke(AuthenticatorBase.java:482)
		at org.apache.catalina.core.StandardHostValve.invoke(StandardHostValve.java:115)
		at org.apache.catalina.valves.ErrorReportValve.invoke(ErrorReportValve.java:93)
		at org.apache.catalina.valves.AbstractAccessLogValve.invoke(AbstractAccessLogValve.java:676)
		at org.apache.catalina.core.StandardEngineValve.invoke(StandardEngineValve.java:74)
		at org.apache.catalina.connector.CoyoteAdapter.service(CoyoteAdapter.java:341)
		at org.apache.coyote.http11.Http11Processor.service(Http11Processor.java:390)
		at org.apache.coyote.AbstractProcessorLight.process(AbstractProcessorLight.java:63)
		at org.apache.coyote.AbstractProtocol$ConnectionHandler.process(AbstractProtocol.java:894)
		at org.apache.tomcat.util.net.NioEndpoint$SocketProcessor.doRun(NioEndpoint.java:1741)
		at org.apache.tomcat.util.net.SocketProcessorBase.run(SocketProcessorBase.java:52)
		at org.apache.tomcat.util.threads.ThreadPoolExecutor.runWorker(ThreadPoolExecutor.java:1191)
		at org.apache.tomcat.util.threads.ThreadPoolExecutor$Worker.run(ThreadPoolExecutor.java:659)
		at org.apache.tomcat.util.threads.TaskThread$WrappingRunnable.run(TaskThread.java:61)
		at java.base/java.lang.Thread.run(Thread.java:833)
	Caused by: java.io.FileNotFoundException: El recurso requerido [/Gestion_Eventos/templates/company/menu.jsp::sidebar] no se encuentra disponible
		at org.apache.catalina.servlets.DefaultServlet.serveResource(DefaultServlet.java:868)
		at org.apache.catalina.servlets.DefaultServlet.doGet(DefaultServlet.java:519)
		at jakarta.servlet.http.HttpServlet.service(HttpServlet.java:564)
		at org.apache.catalina.servlets.DefaultServlet.service(DefaultServlet.java:499)
		at jakarta.servlet.http.HttpServlet.service(HttpServlet.java:658)
		at org.apache.catalina.core.ApplicationFilterChain.internalDoFilter(ApplicationFilterChain.java:205)
		at org.apache.catalina.core.ApplicationFilterChain.doFilter(ApplicationFilterChain.java:149)
		at org.apache.catalina.core.ApplicationDispatcher.invoke(ApplicationDispatcher.java:642)
		at org.apache.catalina.core.ApplicationDispatcher.doInclude(ApplicationDispatcher.java:520)
		at org.apache.catalina.core.ApplicationDispatcher.include(ApplicationDispatcher.java:463)
		at org.apache.jasper.runtime.JspRuntimeLibrary.include(JspRuntimeLibrary.java:994)
		at org.apache.jsp.templates.company.crearEvento_jsp._jspService(crearEvento_jsp.java:168)
		at org.apache.jasper.runtime.HttpJspBase.service(HttpJspBase.java:70)
		at jakarta.servlet.http.HttpServlet.service(HttpServlet.java:658)
		at org.apache.jasper.servlet.JspServletWrapper.service(JspServletWrapper.java:456)
		... 25 more
22-May-2023 23:49:38.020 SEVERE [http-nio-8080-exec-14] org.apache.catalina.core.ApplicationDispatcher.invoke El Servlet.service() para servlet [jsp] lanzó una excepción
	jakarta.servlet.ServletException: Archivo JSP [&#47;templates&#47;company&#47;include&#47;sidebar.jsp] no encontrado
		at org.apache.jasper.servlet.JspServlet.handleMissingResource(JspServlet.java:401)
		at org.apache.jasper.servlet.JspServlet.serviceJspFile(JspServlet.java:369)
		at org.apache.jasper.servlet.JspServlet.service(JspServlet.java:328)
		at jakarta.servlet.http.HttpServlet.service(HttpServlet.java:658)
		at org.apache.catalina.core.ApplicationFilterChain.internalDoFilter(ApplicationFilterChain.java:205)
		at org.apache.catalina.core.ApplicationFilterChain.doFilter(ApplicationFilterChain.java:149)
		at org.apache.catalina.core.ApplicationDispatcher.invoke(ApplicationDispatcher.java:642)
		at org.apache.catalina.core.ApplicationDispatcher.doInclude(ApplicationDispatcher.java:520)
		at org.apache.catalina.core.ApplicationDispatcher.include(ApplicationDispatcher.java:463)
		at org.apache.jasper.runtime.JspRuntimeLibrary.include(JspRuntimeLibrary.java:994)
		at org.apache.jsp.templates.company.crearEvento_jsp._jspService(crearEvento_jsp.java:168)
		at org.apache.jasper.runtime.HttpJspBase.service(HttpJspBase.java:70)
		at jakarta.servlet.http.HttpServlet.service(HttpServlet.java:658)
		at org.apache.jasper.servlet.JspServletWrapper.service(JspServletWrapper.java:456)
		at org.apache.jasper.servlet.JspServlet.serviceJspFile(JspServlet.java:380)
		at org.apache.jasper.servlet.JspServlet.service(JspServlet.java:328)
		at jakarta.servlet.http.HttpServlet.service(HttpServlet.java:658)
		at org.apache.catalina.core.ApplicationFilterChain.internalDoFilter(ApplicationFilterChain.java:205)
		at org.apache.catalina.core.ApplicationFilterChain.doFilter(ApplicationFilterChain.java:149)
		at org.apache.tomcat.websocket.server.WsFilter.doFilter(WsFilter.java:51)
		at org.apache.catalina.core.ApplicationFilterChain.internalDoFilter(ApplicationFilterChain.java:174)
		at org.apache.catalina.core.ApplicationFilterChain.doFilter(ApplicationFilterChain.java:149)
		at org.apache.catalina.core.StandardWrapperValve.invoke(StandardWrapperValve.java:166)
		at org.apache.catalina.core.StandardContextValve.invoke(StandardContextValve.java:90)
		at org.apache.catalina.authenticator.AuthenticatorBase.invoke(AuthenticatorBase.java:482)
		at org.apache.catalina.core.StandardHostValve.invoke(StandardHostValve.java:115)
		at org.apache.catalina.valves.ErrorReportValve.invoke(ErrorReportValve.java:93)
		at org.apache.catalina.valves.AbstractAccessLogValve.invoke(AbstractAccessLogValve.java:676)
		at org.apache.catalina.core.StandardEngineValve.invoke(StandardEngineValve.java:74)
		at org.apache.catalina.connector.CoyoteAdapter.service(CoyoteAdapter.java:341)
		at org.apache.coyote.http11.Http11Processor.service(Http11Processor.java:390)
		at org.apache.coyote.AbstractProcessorLight.process(AbstractProcessorLight.java:63)
		at org.apache.coyote.AbstractProtocol$ConnectionHandler.process(AbstractProtocol.java:894)
		at org.apache.tomcat.util.net.NioEndpoint$SocketProcessor.doRun(NioEndpoint.java:1741)
		at org.apache.tomcat.util.net.SocketProcessorBase.run(SocketProcessorBase.java:52)
		at org.apache.tomcat.util.threads.ThreadPoolExecutor.runWorker(ThreadPoolExecutor.java:1191)
		at org.apache.tomcat.util.threads.ThreadPoolExecutor$Worker.run(ThreadPoolExecutor.java:659)
		at org.apache.tomcat.util.threads.TaskThread$WrappingRunnable.run(TaskThread.java:61)
		at java.base/java.lang.Thread.run(Thread.java:833)
22-May-2023 23:49:38.021 SEVERE [http-nio-8080-exec-14] org.apache.catalina.core.StandardWrapperValve.invoke El Servlet.service() para el servlet [jsp] en el contexto con ruta [/Gestion_Eventos] lanzó la excepción [jakarta.servlet.ServletException: Archivo JSP [&#47;templates&#47;company&#47;include&#47;sidebar.jsp] no encontrado] con causa raíz
	jakarta.servlet.ServletException: Archivo JSP [&#47;templates&#47;company&#47;include&#47;sidebar.jsp] no encontrado
		at org.apache.jasper.servlet.JspServlet.handleMissingResource(JspServlet.java:401)
		at org.apache.jasper.servlet.JspServlet.serviceJspFile(JspServlet.java:369)
		at org.apache.jasper.servlet.JspServlet.service(JspServlet.java:328)
		at jakarta.servlet.http.HttpServlet.service(HttpServlet.java:658)
		at org.apache.catalina.core.ApplicationFilterChain.internalDoFilter(ApplicationFilterChain.java:205)
		at org.apache.catalina.core.ApplicationFilterChain.doFilter(ApplicationFilterChain.java:149)
		at org.apache.catalina.core.ApplicationDispatcher.invoke(ApplicationDispatcher.java:642)
		at org.apache.catalina.core.ApplicationDispatcher.doInclude(ApplicationDispatcher.java:520)
		at org.apache.catalina.core.ApplicationDispatcher.include(ApplicationDispatcher.java:463)
		at org.apache.jasper.runtime.JspRuntimeLibrary.include(JspRuntimeLibrary.java:994)
		at org.apache.jsp.templates.company.crearEvento_jsp._jspService(crearEvento_jsp.java:168)
		at org.apache.jasper.runtime.HttpJspBase.service(HttpJspBase.java:70)
		at jakarta.servlet.http.HttpServlet.service(HttpServlet.java:658)
		at org.apache.jasper.servlet.JspServletWrapper.service(JspServletWrapper.java:456)
		at org.apache.jasper.servlet.JspServlet.serviceJspFile(JspServlet.java:380)
		at org.apache.jasper.servlet.JspServlet.service(JspServlet.java:328)
		at jakarta.servlet.http.HttpServlet.service(HttpServlet.java:658)
		at org.apache.catalina.core.ApplicationFilterChain.internalDoFilter(ApplicationFilterChain.java:205)
		at org.apache.catalina.core.ApplicationFilterChain.doFilter(ApplicationFilterChain.java:149)
		at org.apache.tomcat.websocket.server.WsFilter.doFilter(WsFilter.java:51)
		at org.apache.catalina.core.ApplicationFilterChain.internalDoFilter(ApplicationFilterChain.java:174)
		at org.apache.catalina.core.ApplicationFilterChain.doFilter(ApplicationFilterChain.java:149)
		at org.apache.catalina.core.StandardWrapperValve.invoke(StandardWrapperValve.java:166)
		at org.apache.catalina.core.StandardContextValve.invoke(StandardContextValve.java:90)
		at org.apache.catalina.authenticator.AuthenticatorBase.invoke(AuthenticatorBase.java:482)
		at org.apache.catalina.core.StandardHostValve.invoke(StandardHostValve.java:115)
		at org.apache.catalina.valves.ErrorReportValve.invoke(ErrorReportValve.java:93)
		at org.apache.catalina.valves.AbstractAccessLogValve.invoke(AbstractAccessLogValve.java:676)
		at org.apache.catalina.core.StandardEngineValve.invoke(StandardEngineValve.java:74)
		at org.apache.catalina.connector.CoyoteAdapter.service(CoyoteAdapter.java:341)
		at org.apache.coyote.http11.Http11Processor.service(Http11Processor.java:390)
		at org.apache.coyote.AbstractProcessorLight.process(AbstractProcessorLight.java:63)
		at org.apache.coyote.AbstractProtocol$ConnectionHandler.process(AbstractProtocol.java:894)
		at org.apache.tomcat.util.net.NioEndpoint$SocketProcessor.doRun(NioEndpoint.java:1741)
		at org.apache.tomcat.util.net.SocketProcessorBase.run(SocketProcessorBase.java:52)
		at org.apache.tomcat.util.threads.ThreadPoolExecutor.runWorker(ThreadPoolExecutor.java:1191)
		at org.apache.tomcat.util.threads.ThreadPoolExecutor$Worker.run(ThreadPoolExecutor.java:659)
		at org.apache.tomcat.util.threads.TaskThread$WrappingRunnable.run(TaskThread.java:61)
		at java.base/java.lang.Thread.run(Thread.java:833)
22-May-2023 23:49:40.738 SEVERE [http-nio-8080-exec-15] org.apache.catalina.core.ApplicationDispatcher.invoke El Servlet.service() para servlet [jsp] lanzó una excepción
	jakarta.servlet.ServletException: Archivo JSP [&#47;templates&#47;company&#47;include&#47;sidebar.jsp] no encontrado
		at org.apache.jasper.servlet.JspServlet.handleMissingResource(JspServlet.java:401)
		at org.apache.jasper.servlet.JspServlet.serviceJspFile(JspServlet.java:369)
		at org.apache.jasper.servlet.JspServlet.service(JspServlet.java:328)
		at jakarta.servlet.http.HttpServlet.service(HttpServlet.java:658)
		at org.apache.catalina.core.ApplicationFilterChain.internalDoFilter(ApplicationFilterChain.java:205)
		at org.apache.catalina.core.ApplicationFilterChain.doFilter(ApplicationFilterChain.java:149)
		at org.apache.catalina.core.ApplicationDispatcher.invoke(ApplicationDispatcher.java:642)
		at org.apache.catalina.core.ApplicationDispatcher.doInclude(ApplicationDispatcher.java:520)
		at org.apache.catalina.core.ApplicationDispatcher.include(ApplicationDispatcher.java:463)
		at org.apache.jasper.runtime.JspRuntimeLibrary.include(JspRuntimeLibrary.java:994)
		at org.apache.jsp.templates.company.crearEvento_jsp._jspService(crearEvento_jsp.java:168)
		at org.apache.jasper.runtime.HttpJspBase.service(HttpJspBase.java:70)
		at jakarta.servlet.http.HttpServlet.service(HttpServlet.java:658)
		at org.apache.jasper.servlet.JspServletWrapper.service(JspServletWrapper.java:456)
		at org.apache.jasper.servlet.JspServlet.serviceJspFile(JspServlet.java:380)
		at org.apache.jasper.servlet.JspServlet.service(JspServlet.java:328)
		at jakarta.servlet.http.HttpServlet.service(HttpServlet.java:658)
		at org.apache.catalina.core.ApplicationFilterChain.internalDoFilter(ApplicationFilterChain.java:205)
		at org.apache.catalina.core.ApplicationFilterChain.doFilter(ApplicationFilterChain.java:149)
		at org.apache.tomcat.websocket.server.WsFilter.doFilter(WsFilter.java:51)
		at org.apache.catalina.core.ApplicationFilterChain.internalDoFilter(ApplicationFilterChain.java:174)
		at org.apache.catalina.core.ApplicationFilterChain.doFilter(ApplicationFilterChain.java:149)
		at org.apache.catalina.core.StandardWrapperValve.invoke(StandardWrapperValve.java:166)
		at org.apache.catalina.core.StandardContextValve.invoke(StandardContextValve.java:90)
		at org.apache.catalina.authenticator.AuthenticatorBase.invoke(AuthenticatorBase.java:482)
		at org.apache.catalina.core.StandardHostValve.invoke(StandardHostValve.java:115)
		at org.apache.catalina.valves.ErrorReportValve.invoke(ErrorReportValve.java:93)
		at org.apache.catalina.valves.AbstractAccessLogValve.invoke(AbstractAccessLogValve.java:676)
		at org.apache.catalina.core.StandardEngineValve.invoke(StandardEngineValve.java:74)
		at org.apache.catalina.connector.CoyoteAdapter.service(CoyoteAdapter.java:341)
		at org.apache.coyote.http11.Http11Processor.service(Http11Processor.java:390)
		at org.apache.coyote.AbstractProcessorLight.process(AbstractProcessorLight.java:63)
		at org.apache.coyote.AbstractProtocol$ConnectionHandler.process(AbstractProtocol.java:894)
		at org.apache.tomcat.util.net.NioEndpoint$SocketProcessor.doRun(NioEndpoint.java:1741)
		at org.apache.tomcat.util.net.SocketProcessorBase.run(SocketProcessorBase.java:52)
		at org.apache.tomcat.util.threads.ThreadPoolExecutor.runWorker(ThreadPoolExecutor.java:1191)
		at org.apache.tomcat.util.threads.ThreadPoolExecutor$Worker.run(ThreadPoolExecutor.java:659)
		at org.apache.tomcat.util.threads.TaskThread$WrappingRunnable.run(TaskThread.java:61)
		at java.base/java.lang.Thread.run(Thread.java:833)
22-May-2023 23:49:40.738 SEVERE [http-nio-8080-exec-15] org.apache.catalina.core.StandardWrapperValve.invoke El Servlet.service() para el servlet [jsp] en el contexto con ruta [/Gestion_Eventos] lanzó la excepción [jakarta.servlet.ServletException: Archivo JSP [&#47;templates&#47;company&#47;include&#47;sidebar.jsp] no encontrado] con causa raíz
	jakarta.servlet.ServletException: Archivo JSP [&#47;templates&#47;company&#47;include&#47;sidebar.jsp] no encontrado
		at org.apache.jasper.servlet.JspServlet.handleMissingResource(JspServlet.java:401)
		at org.apache.jasper.servlet.JspServlet.serviceJspFile(JspServlet.java:369)
		at org.apache.jasper.servlet.JspServlet.service(JspServlet.java:328)
		at jakarta.servlet.http.HttpServlet.service(HttpServlet.java:658)
		at org.apache.catalina.core.ApplicationFilterChain.internalDoFilter(ApplicationFilterChain.java:205)
		at org.apache.catalina.core.ApplicationFilterChain.doFilter(ApplicationFilterChain.java:149)
		at org.apache.catalina.core.ApplicationDispatcher.invoke(ApplicationDispatcher.java:642)
		at org.apache.catalina.core.ApplicationDispatcher.doInclude(ApplicationDispatcher.java:520)
		at org.apache.catalina.core.ApplicationDispatcher.include(ApplicationDispatcher.java:463)
		at org.apache.jasper.runtime.JspRuntimeLibrary.include(JspRuntimeLibrary.java:994)
		at org.apache.jsp.templates.company.crearEvento_jsp._jspService(crearEvento_jsp.java:168)
		at org.apache.jasper.runtime.HttpJspBase.service(HttpJspBase.java:70)
		at jakarta.servlet.http.HttpServlet.service(HttpServlet.java:658)
		at org.apache.jasper.servlet.JspServletWrapper.service(JspServletWrapper.java:456)
		at org.apache.jasper.servlet.JspServlet.serviceJspFile(JspServlet.java:380)
		at org.apache.jasper.servlet.JspServlet.service(JspServlet.java:328)
		at jakarta.servlet.http.HttpServlet.service(HttpServlet.java:658)
		at org.apache.catalina.core.ApplicationFilterChain.internalDoFilter(ApplicationFilterChain.java:205)
		at org.apache.catalina.core.ApplicationFilterChain.doFilter(ApplicationFilterChain.java:149)
		at org.apache.tomcat.websocket.server.WsFilter.doFilter(WsFilter.java:51)
		at org.apache.catalina.core.ApplicationFilterChain.internalDoFilter(ApplicationFilterChain.java:174)
		at org.apache.catalina.core.ApplicationFilterChain.doFilter(ApplicationFilterChain.java:149)
		at org.apache.catalina.core.StandardWrapperValve.invoke(StandardWrapperValve.java:166)
		at org.apache.catalina.core.StandardContextValve.invoke(StandardContextValve.java:90)
		at org.apache.catalina.authenticator.AuthenticatorBase.invoke(AuthenticatorBase.java:482)
		at org.apache.catalina.core.StandardHostValve.invoke(StandardHostValve.java:115)
		at org.apache.catalina.valves.ErrorReportValve.invoke(ErrorReportValve.java:93)
		at org.apache.catalina.valves.AbstractAccessLogValve.invoke(AbstractAccessLogValve.java:676)
		at org.apache.catalina.core.StandardEngineValve.invoke(StandardEngineValve.java:74)
		at org.apache.catalina.connector.CoyoteAdapter.service(CoyoteAdapter.java:341)
		at org.apache.coyote.http11.Http11Processor.service(Http11Processor.java:390)
		at org.apache.coyote.AbstractProcessorLight.process(AbstractProcessorLight.java:63)
		at org.apache.coyote.AbstractProtocol$ConnectionHandler.process(AbstractProtocol.java:894)
		at org.apache.tomcat.util.net.NioEndpoint$SocketProcessor.doRun(NioEndpoint.java:1741)
		at org.apache.tomcat.util.net.SocketProcessorBase.run(SocketProcessorBase.java:52)
		at org.apache.tomcat.util.threads.ThreadPoolExecutor.runWorker(ThreadPoolExecutor.java:1191)
		at org.apache.tomcat.util.threads.ThreadPoolExecutor$Worker.run(ThreadPoolExecutor.java:659)
		at org.apache.tomcat.util.threads.TaskThread$WrappingRunnable.run(TaskThread.java:61)
		at java.base/java.lang.Thread.run(Thread.java:833)
22-May-2023 23:50:16.952 SEVERE [http-nio-8080-exec-14] org.apache.catalina.core.ApplicationDispatcher.invoke El Servlet.service() para servlet [jsp] lanzó una excepción
	jakarta.servlet.ServletException: Archivo JSP [&#47;templates&#47;company&#47;include&#47;sidebar.jsp] no encontrado
		at org.apache.jasper.servlet.JspServlet.handleMissingResource(JspServlet.java:401)
		at org.apache.jasper.servlet.JspServlet.serviceJspFile(JspServlet.java:369)
		at org.apache.jasper.servlet.JspServlet.service(JspServlet.java:328)
		at jakarta.servlet.http.HttpServlet.service(HttpServlet.java:658)
		at org.apache.catalina.core.ApplicationFilterChain.internalDoFilter(ApplicationFilterChain.java:205)
		at org.apache.catalina.core.ApplicationFilterChain.doFilter(ApplicationFilterChain.java:149)
		at org.apache.catalina.core.ApplicationDispatcher.invoke(ApplicationDispatcher.java:642)
		at org.apache.catalina.core.ApplicationDispatcher.doInclude(ApplicationDispatcher.java:520)
		at org.apache.catalina.core.ApplicationDispatcher.include(ApplicationDispatcher.java:463)
		at org.apache.jasper.runtime.JspRuntimeLibrary.include(JspRuntimeLibrary.java:994)
		at org.apache.jsp.templates.company.crearEvento_jsp._jspService(crearEvento_jsp.java:168)
		at org.apache.jasper.runtime.HttpJspBase.service(HttpJspBase.java:70)
		at jakarta.servlet.http.HttpServlet.service(HttpServlet.java:658)
		at org.apache.jasper.servlet.JspServletWrapper.service(JspServletWrapper.java:456)
		at org.apache.jasper.servlet.JspServlet.serviceJspFile(JspServlet.java:380)
		at org.apache.jasper.servlet.JspServlet.service(JspServlet.java:328)
		at jakarta.servlet.http.HttpServlet.service(HttpServlet.java:658)
		at org.apache.catalina.core.ApplicationFilterChain.internalDoFilter(ApplicationFilterChain.java:205)
		at org.apache.catalina.core.ApplicationFilterChain.doFilter(ApplicationFilterChain.java:149)
		at org.apache.tomcat.websocket.server.WsFilter.doFilter(WsFilter.java:51)
		at org.apache.catalina.core.ApplicationFilterChain.internalDoFilter(ApplicationFilterChain.java:174)
		at org.apache.catalina.core.ApplicationFilterChain.doFilter(ApplicationFilterChain.java:149)
		at org.apache.catalina.core.StandardWrapperValve.invoke(StandardWrapperValve.java:166)
		at org.apache.catalina.core.StandardContextValve.invoke(StandardContextValve.java:90)
		at org.apache.catalina.authenticator.AuthenticatorBase.invoke(AuthenticatorBase.java:482)
		at org.apache.catalina.core.StandardHostValve.invoke(StandardHostValve.java:115)
		at org.apache.catalina.valves.ErrorReportValve.invoke(ErrorReportValve.java:93)
		at org.apache.catalina.valves.AbstractAccessLogValve.invoke(AbstractAccessLogValve.java:676)
		at org.apache.catalina.core.StandardEngineValve.invoke(StandardEngineValve.java:74)
		at org.apache.catalina.connector.CoyoteAdapter.service(CoyoteAdapter.java:341)
		at org.apache.coyote.http11.Http11Processor.service(Http11Processor.java:390)
		at org.apache.coyote.AbstractProcessorLight.process(AbstractProcessorLight.java:63)
		at org.apache.coyote.AbstractProtocol$ConnectionHandler.process(AbstractProtocol.java:894)
		at org.apache.tomcat.util.net.NioEndpoint$SocketProcessor.doRun(NioEndpoint.java:1741)
		at org.apache.tomcat.util.net.SocketProcessorBase.run(SocketProcessorBase.java:52)
		at org.apache.tomcat.util.threads.ThreadPoolExecutor.runWorker(ThreadPoolExecutor.java:1191)
		at org.apache.tomcat.util.threads.ThreadPoolExecutor$Worker.run(ThreadPoolExecutor.java:659)
		at org.apache.tomcat.util.threads.TaskThread$WrappingRunnable.run(TaskThread.java:61)
		at java.base/java.lang.Thread.run(Thread.java:833)
22-May-2023 23:50:16.952 SEVERE [http-nio-8080-exec-14] org.apache.catalina.core.StandardWrapperValve.invoke El Servlet.service() para el servlet [jsp] en el contexto con ruta [/Gestion_Eventos] lanzó la excepción [jakarta.servlet.ServletException: Archivo JSP [&#47;templates&#47;company&#47;include&#47;sidebar.jsp] no encontrado] con causa raíz
	jakarta.servlet.ServletException: Archivo JSP [&#47;templates&#47;company&#47;include&#47;sidebar.jsp] no encontrado
		at org.apache.jasper.servlet.JspServlet.handleMissingResource(JspServlet.java:401)
		at org.apache.jasper.servlet.JspServlet.serviceJspFile(JspServlet.java:369)
		at org.apache.jasper.servlet.JspServlet.service(JspServlet.java:328)
		at jakarta.servlet.http.HttpServlet.service(HttpServlet.java:658)
		at org.apache.catalina.core.ApplicationFilterChain.internalDoFilter(ApplicationFilterChain.java:205)
		at org.apache.catalina.core.ApplicationFilterChain.doFilter(ApplicationFilterChain.java:149)
		at org.apache.catalina.core.ApplicationDispatcher.invoke(ApplicationDispatcher.java:642)
		at org.apache.catalina.core.ApplicationDispatcher.doInclude(ApplicationDispatcher.java:520)
		at org.apache.catalina.core.ApplicationDispatcher.include(ApplicationDispatcher.java:463)
		at org.apache.jasper.runtime.JspRuntimeLibrary.include(JspRuntimeLibrary.java:994)
		at org.apache.jsp.templates.company.crearEvento_jsp._jspService(crearEvento_jsp.java:168)
		at org.apache.jasper.runtime.HttpJspBase.service(HttpJspBase.java:70)
		at jakarta.servlet.http.HttpServlet.service(HttpServlet.java:658)
		at org.apache.jasper.servlet.JspServletWrapper.service(JspServletWrapper.java:456)
		at org.apache.jasper.servlet.JspServlet.serviceJspFile(JspServlet.java:380)
		at org.apache.jasper.servlet.JspServlet.service(JspServlet.java:328)
		at jakarta.servlet.http.HttpServlet.service(HttpServlet.java:658)
		at org.apache.catalina.core.ApplicationFilterChain.internalDoFilter(ApplicationFilterChain.java:205)
		at org.apache.catalina.core.ApplicationFilterChain.doFilter(ApplicationFilterChain.java:149)
		at org.apache.tomcat.websocket.server.WsFilter.doFilter(WsFilter.java:51)
		at org.apache.catalina.core.ApplicationFilterChain.internalDoFilter(ApplicationFilterChain.java:174)
		at org.apache.catalina.core.ApplicationFilterChain.doFilter(ApplicationFilterChain.java:149)
		at org.apache.catalina.core.StandardWrapperValve.invoke(StandardWrapperValve.java:166)
		at org.apache.catalina.core.StandardContextValve.invoke(StandardContextValve.java:90)
		at org.apache.catalina.authenticator.AuthenticatorBase.invoke(AuthenticatorBase.java:482)
		at org.apache.catalina.core.StandardHostValve.invoke(StandardHostValve.java:115)
		at org.apache.catalina.valves.ErrorReportValve.invoke(ErrorReportValve.java:93)
		at org.apache.catalina.valves.AbstractAccessLogValve.invoke(AbstractAccessLogValve.java:676)
		at org.apache.catalina.core.StandardEngineValve.invoke(StandardEngineValve.java:74)
		at org.apache.catalina.connector.CoyoteAdapter.service(CoyoteAdapter.java:341)
		at org.apache.coyote.http11.Http11Processor.service(Http11Processor.java:390)
		at org.apache.coyote.AbstractProcessorLight.process(AbstractProcessorLight.java:63)
		at org.apache.coyote.AbstractProtocol$ConnectionHandler.process(AbstractProtocol.java:894)
		at org.apache.tomcat.util.net.NioEndpoint$SocketProcessor.doRun(NioEndpoint.java:1741)
		at org.apache.tomcat.util.net.SocketProcessorBase.run(SocketProcessorBase.java:52)
		at org.apache.tomcat.util.threads.ThreadPoolExecutor.runWorker(ThreadPoolExecutor.java:1191)
		at org.apache.tomcat.util.threads.ThreadPoolExecutor$Worker.run(ThreadPoolExecutor.java:659)
		at org.apache.tomcat.util.threads.TaskThread$WrappingRunnable.run(TaskThread.java:61)
		at java.base/java.lang.Thread.run(Thread.java:833)
